<?xml version="1.0" encoding="UTF-8" ?>
<testsuite errors="0" failures="0" hostname="Macintosh-2.local" name="au.com.bytecode.opencsv.CSVWriterTest" tests="9" time="0.355" timestamp="2009-08-17T03:52:46">
  <properties>
    <property name="java.vendor" value="Apple Inc." />
    <property name="lib.dir" value="/Users/scott/Documents/workspace/OpenCSV/lib" />
    <property name="sun.java.launcher" value="SUN_STANDARD" />
    <property name="jikes.class.path" value=":/System/Library/Frameworks/JavaVM.framework/Home/../Classes/charsets.jar:/System/Library/Frameworks/JavaVM.framework/Home/../Classes/classes.jar:/System/Library/Frameworks/JavaVM.framework/Home/../Classes/dt.jar:/System/Library/Frameworks/JavaVM.framework/Home/../Classes/jce.jar:/System/Library/Frameworks/JavaVM.framework/Home/../Classes/jconsole.jar:/System/Library/Frameworks/JavaVM.framework/Home/../Classes/jsse.jar:/System/Library/Frameworks/JavaVM.framework/Home/../Classes/laf.jar:/System/Library/Frameworks/JavaVM.framework/Home/../Classes/ui.jar" />
    <property name="sun.management.compiler" value="HotSpot Client Compiler" />
    <property name="dist.src.dir" value="/Users/scott/Documents/workspace/OpenCSV/deploy/src" />
    <property name="os.name" value="Mac OS X" />
    <property name="sun.boot.class.path" value="/System/Library/Frameworks/JavaVM.framework/Versions/1.5.0/Classes/jsfd.jar:/System/Library/Frameworks/JavaVM.framework/Versions/1.5.0/Classes/classes.jar:/System/Library/Frameworks/JavaVM.framework/Versions/1.5.0/Classes/ui.jar:/System/Library/Frameworks/JavaVM.framework/Versions/1.5.0/Classes/laf.jar:/System/Library/Frameworks/JavaVM.framework/Versions/1.5.0/Classes/sunrsasign.jar:/System/Library/Frameworks/JavaVM.framework/Versions/1.5.0/Classes/jsse.jar:/System/Library/Frameworks/JavaVM.framework/Versions/1.5.0/Classes/jce.jar:/System/Library/Frameworks/JavaVM.framework/Versions/1.5.0/Classes/charsets.jar" />
    <property name="build.number" value="001" />
    <property name="zip.dir.name" value="opencsv-2.0" />
    <property name="java.vm.specification.vendor" value="Sun Microsystems Inc." />
    <property name="ant.home" value="/usr/share/ant" />
    <property name="java.runtime.version" value="1.5.0_19-b02-304" />
    <property name="user.name" value="scott" />
    <property name="test.classes.dir" value="/Users/scott/Documents/workspace/OpenCSV/build/test.classes" />
    <property name="awt.nativeDoubleBuffering" value="true" />
    <property name="deploy.dir" value="/Users/scott/Documents/workspace/OpenCSV/deploy" />
    <property name="user.language" value="en" />
    <property name="sun.boot.library.path" value="/System/Library/Frameworks/JavaVM.framework/Versions/1.5.0/Libraries" />
    <property name="reports.dir" value="/Users/scott/Documents/workspace/OpenCSV/build/reports" />
    <property name="doc.dir" value="/Users/scott/Documents/workspace/OpenCSV/doc" />
    <property name="ant.project.name" value="opencsv" />
    <property name="java.version" value="1.5.0_19" />
    <property name="user.timezone" value="" />
    <property name="sun.arch.data.model" value="32" />
    <property name="http.nonProxyHosts" value="local|*.local|169.254/16|*.169.254/16" />
    <property name="java.endorsed.dirs" value="/System/Library/Frameworks/JavaVM.framework/Versions/1.5.0/Home/lib/endorsed" />
    <property name="build.version.tag" value="Release_2_0_001" />
    <property name="sun.cpu.isalist" value="" />
    <property name="version.file" value="build.version" />
    <property name="sun.jnu.encoding" value="MacRoman" />
    <property name="file.encoding.pkg" value="sun.io" />
    <property name="file.separator" value="/" />
    <property name="java.specification.name" value="Java Platform API Specification" />
    <property name="classes.dir" value="/Users/scott/Documents/workspace/OpenCSV/build/classes" />
    <property name="java.class.version" value="49.0" />
    <property name="user.country" value="US" />
    <property name="java.home" value="/System/Library/Frameworks/JavaVM.framework/Versions/1.5.0/Home" />
    <property name="java.vm.info" value="mixed mode, sharing" />
    <property name="ant.file" value="/Users/scott/Documents/workspace/OpenCSV/build.xml" />
    <property name="os.version" value="10.5.8" />
    <property name="ant.file.opencsv" value="/Users/scott/Documents/workspace/OpenCSV/build.xml" />
    <property name="path.separator" value=":" />
    <property name="java.vm.version" value="1.5.0_19-137" />
    <property name="ant.library.dir" value="/usr/share/ant/lib" />
    <property name="java.awt.printerjob" value="apple.awt.CPrinterJob" />
    <property name="sun.io.unicode.encoding" value="UnicodeLittle" />
    <property name="awt.toolkit" value="apple.awt.CToolkit" />
    <property name="socksNonProxyHosts" value="local|*.local|169.254/16|*.169.254/16" />
    <property name="ftp.nonProxyHosts" value="local|*.local|169.254/16|*.169.254/16" />
    <property name="user.home" value="/Users/scott" />
    <property name="build.date" value="2009/08/16 10:52" />
    <property name="java.specification.vendor" value="Sun Microsystems Inc." />
    <property name="test.dir" value="/Users/scott/Documents/workspace/OpenCSV/test" />
    <property name="java.library.path" value=".:/Library/Java/Extensions:/System/Library/Java/Extensions:/usr/lib/java" />
    <property name="java.vendor.url" value="http://www.apple.com/" />
    <property name="java.vm.vendor" value="Apple Inc." />
    <property name="gopherProxySet" value="false" />
    <property name="java.runtime.name" value="Java(TM) 2 Runtime Environment, Standard Edition" />
    <property name="java.class.path" value="/Users/scott/Documents/workspace/OpenCSV/lib/junit.jar:/Users/scott/Documents/workspace/OpenCSV/build/classes:/Users/scott/Documents/workspace/OpenCSV/build/test.classes:/usr/share/ant/lib/ant-launcher.jar:/usr/share/ant/lib/ant.jar:/usr/share/ant/lib/ant-junit.jar" />
    <property name="ant.version" value="Apache Ant version 1.7.0 compiled on May 21 2009" />
    <property name="app.name" value="opencsv" />
    <property name="java.vm.specification.name" value="Java Virtual Machine Specification" />
    <property name="java.vm.specification.version" value="1.0" />
    <property name="sun.cpu.endian" value="little" />
    <property name="sun.os.patch.level" value="unknown" />
    <property name="build.version" value="2.0.001" />
    <property name="java.io.tmpdir" value="/var/folders/dq/dqyJ-Qa8Fy0q8AcHK3WVyk+++TI/-Tmp-/" />
    <property name="java.vendor.url.bug" value="http://bugreport.apple.com/" />
    <property name="os.arch" value="i386" />
    <property name="java.awt.graphicsenv" value="apple.awt.CGraphicsEnvironment" />
    <property name="java.ext.dirs" value="/Library/Java/Extensions:/System/Library/Java/Extensions:/System/Library/Frameworks/JavaVM.framework/Versions/1.5.0/Home/lib/ext" />
    <property name="user.dir" value="/Users/scott/Documents/workspace/OpenCSV" />
    <property name="build.user" value="Glen" />
    <property name="mrj.version" value="1050.1.5.0_19-304" />
    <property name="build.version.brief" value="2.0" />
    <property name="line.separator" value="
" />
    <property name="java.vm.name" value="Java HotSpot(TM) Client VM" />
    <property name="basedir" value="/Users/scott/Documents/workspace/OpenCSV" />
    <property name="ant.java.version" value="1.5" />
    <property name="ant.core.lib" value="/usr/share/ant/lib/ant.jar" />
    <property name="build.release.major" value="2" />
    <property name="file.encoding" value="MacRoman" />
    <property name="java.specification.version" value="1.5" />
    <property name="src.dir" value="/Users/scott/Documents/workspace/OpenCSV/src" />
    <property name="build.release.minor" value="0" />
  </properties>
  <testcase classname="au.com.bytecode.opencsv.CSVWriterTest" name="testParseLine" time="0.0090" />
  <testcase classname="au.com.bytecode.opencsv.CSVWriterTest" name="testParseAll" time="0.0010" />
  <testcase classname="au.com.bytecode.opencsv.CSVWriterTest" name="testNoQuoteChars" time="0.0" />
  <testcase classname="au.com.bytecode.opencsv.CSVWriterTest" name="testNullValues" time="0.0010" />
  <testcase classname="au.com.bytecode.opencsv.CSVWriterTest" name="testStreamFlushing" time="0.0010" />
  <testcase classname="au.com.bytecode.opencsv.CSVWriterTest" name="testAlternateEscapeChar" time="0.0010" />
  <testcase classname="au.com.bytecode.opencsv.CSVWriterTest" name="testNoQuotingNoEscaping" time="0.0010" />
  <testcase classname="au.com.bytecode.opencsv.CSVWriterTest" name="testNestedQuotes" time="0.017" />
  <testcase classname="au.com.bytecode.opencsv.CSVWriterTest" name="testAlternateLineFeeds" time="0.0010" />
  <system-out><![CDATA[]]></system-out>
  <system-err><![CDATA[]]></system-err>
</testsuite>
